<?xml version="1.0" encoding="UTF-8"?>
<!-- Generated by org.testng.reporters.JUnitReportReporter -->
<testsuite hostname="Sasi" failures="0" tests="1" name="MVN_Practice_package.Sample2" time="0.000" errors="0" timestamp="2022-11-21T16:28:17 IST" skipped="0">
  <testcase classname="MVN_Practice_package.Sample2" name="demo" time="0.000"/>
  <system-out/>
</testsuite> <!-- MVN_Practice_package.Sample2 -->
