<?xml version="1.0" encoding="UTF-8"?>
<!-- Generated by org.testng.reporters.JUnitReportReporter -->
<testsuite hostname="Sasi" failures="0" tests="1" name="MVN_Practice_package.Sample1" time="0.007" errors="0" timestamp="2022-11-21T15:58:30 IST" skipped="0">
  <testcase classname="MVN_Practice_package.Sample1" name="demo" time="0.007"/>
  <system-out/>
</testsuite> <!-- MVN_Practice_package.Sample1 -->
